2020/11/12 05:22:00 [INFO] Create Villager's grave at -395x71x808
2020/11/12 05:55:40 [INFO] Create Villager's grave at -892x22x942
2020/11/12 05:56:09 [INFO] Create Villager's grave at -875x26x972
2020/11/12 05:56:16 [INFO] Create Villager's grave at -876x24x972
2020/11/12 05:56:18 [INFO] Create Villager's grave at -875x24x964
2020/11/12 05:56:22 [INFO] Create Villager's grave at -877x24x974
2020/11/12 05:56:27 [INFO] Create Villager's grave at -876x25x974
2020/11/12 05:56:27 [INFO] Create Villager's grave at -879x22x975
2020/11/12 05:56:32 [INFO] Create Villager's grave at -878x23x975
2020/11/12 05:56:34 [INFO] Create Villager's grave at -896x24x957
2020/11/12 05:56:42 [INFO] Create Villager's grave at -886x22x979
2020/11/12 05:56:43 [INFO] Create Villager's grave at -897x23x960
2020/11/12 05:56:47 [INFO] Create Villager's grave at -881x26x980
2020/11/12 05:56:54 [INFO] Create Villager's grave at -893x21x977
2020/11/12 05:57:01 [INFO] Create Villager's grave at -894x21x973
2020/11/12 05:57:09 [INFO] Create Villager's grave at -898x21x969
2020/11/12 05:57:13 [INFO] Create Villager's grave at -899x21x972
2020/11/12 05:57:14 [INFO] Create Villager's grave at -900x23x969
2020/11/12 05:57:15 [INFO] Create Villager's grave at -898x21x967
2020/11/12 05:57:19 [INFO] Create Villager's grave at -900x23x968
2020/11/12 05:57:23 [INFO] Create Villager's grave at -899x22x965
2020/11/12 05:57:26 [INFO] Create Villager's grave at -899x22x964
2020/11/12 05:57:26 [INFO] Create Villager's grave at -900x23x967
2020/11/12 05:57:29 [INFO] Create Villager's grave at -900x23x963
2020/11/12 05:57:51 [INFO] Create Villager's grave at -905x25x973
2020/11/12 05:57:52 [INFO] Create Villager's grave at -914x25x966
2020/11/12 05:57:54 [INFO] Create Villager's grave at -897x21x966
2020/11/12 05:57:58 [INFO] Create Villager's grave at -913x25x970
2020/11/12 05:58:03 [INFO] Create Villager's grave at -911x27x961
2020/11/12 05:58:07 [INFO] Create Villager's grave at -913x25x964
2020/11/12 05:58:10 [INFO] Create Villager's grave at -896x21x966
2020/11/12 05:58:12 [INFO] Create Villager's grave at -908x26x977
2020/11/12 05:58:13 [INFO] Create Villager's grave at -914x26x964
2020/11/12 05:58:19 [INFO] Create Villager's grave at -896x21x960
2020/11/12 05:58:25 [INFO] Create Villager's grave at -913x28x961
2020/11/12 05:58:27 [INFO] Create Villager's grave at -905x25x970
2020/11/12 05:58:29 [INFO] Create Villager's grave at -904x24x979
2020/11/12 05:58:32 [INFO] Create Villager's grave at -903x24x980
2020/11/12 05:58:32 [INFO] Create Villager's grave at -910x22x981
2020/11/12 05:58:40 [INFO] Create Villager's grave at -894x27x982
2020/11/12 05:58:45 [INFO] Create Villager's grave at -904x25x972
2020/11/12 05:58:46 [INFO] Create Villager's grave at -892x21x960
2020/11/12 05:58:54 [INFO] Create Villager's grave at -890x21x966
2020/11/12 05:58:57 [INFO] Create Villager's grave at -892x22x941
2020/11/12 05:59:00 [INFO] Create Villager's grave at -891x22x948
2020/11/12 05:59:05 [INFO] Create Villager's grave at -877x23x944
2020/11/12 05:59:09 [INFO] Create Villager's grave at -879x22x953
2020/11/12 05:59:19 [INFO] Create Villager's grave at -875x25x965
2020/11/12 05:59:20 [INFO] Create Mad Scientist Junkie's grave at -895x22x955
2020/11/12 05:59:29 [INFO] Create Villager's grave at -878x22x943
2020/11/12 05:59:33 [INFO] Create Villager's grave at -898x22x950
2020/11/12 05:59:34 [INFO] Create Villager's grave at -911x20x984
2020/11/12 05:59:35 [INFO] Create Villager's grave at -900x26x952
2020/11/12 05:59:39 [INFO] Create Villager's grave at -880x22x953
2020/11/12 05:59:44 [INFO] Create Villager's grave at -880x24x957
2020/11/12 05:59:49 [INFO] Create Villager's grave at -896x23x940
2020/11/12 05:59:54 [INFO] Create Villager's grave at -897x21x963
2020/11/12 05:59:56 [INFO] Create Villager's grave at -886x22x940
2020/11/12 06:00:00 [INFO] Create Villager's grave at -895x22x959
2020/11/12 06:00:05 [INFO] Create Villager's grave at -880x22x941
2020/11/12 06:00:07 [INFO] Create Villager's grave at -885x21x968
2020/11/12 06:00:09 [INFO] Create Villager's grave at -874x28x945
2020/11/12 06:00:10 [INFO] Create Villager's grave at -880x22x944
2020/11/12 06:00:10 [INFO] Create Villager's grave at -879x23x942
2020/11/12 06:00:12 [INFO] Create Villager's grave at -885x21x978
2020/11/12 06:00:12 [INFO] Create Villager's grave at -887x21x958
2020/11/12 06:00:14 [INFO] Create Villager's grave at -880x24x978
2020/11/12 06:00:19 [INFO] Create Villager's grave at -887x21x975
2020/11/12 06:00:19 [INFO] Create Villager's grave at -890x21x957
2020/11/12 06:00:20 [INFO] Create Mad Scientist Junkie's grave at -883x22x946
2020/11/12 06:00:20 [INFO] Create Villager's grave at -878x22x950
2020/11/12 06:00:23 [INFO] Create Villager's grave at -876x24x964
2020/11/12 06:00:25 [INFO] Create Villager's grave at -880x21x973
2020/11/12 06:00:26 [INFO] Create Villager's grave at -878x22x942
2020/11/12 06:00:26 [INFO] Create Villager's grave at -888x21x958
2020/11/12 06:00:26 [INFO] Create Mad Scientist's grave at -891x22x955
2020/11/12 06:00:27 [INFO] Create Villager's grave at -891x21x972
2020/11/12 06:00:34 [INFO] Create Villager's grave at -900x24x987
2020/11/12 06:00:34 [INFO] Create Villager's grave at -877x24x952
2020/11/12 06:00:34 [INFO] Create Villager's grave at -878x22x944
2020/11/12 06:00:34 [INFO] Create Villager's grave at -894x22x952
2020/11/12 06:00:35 [INFO] Create Villager's grave at -879x21x971
2020/11/12 06:00:36 [INFO] Create Villager's grave at -878x24x942
2020/11/12 06:00:37 [INFO] Create Villager's grave at -900x25x950
2020/11/12 06:00:38 [INFO] Create Villager's grave at -877x23x963
2020/11/12 06:00:39 [INFO] Create Villager's grave at -896x21x964
2020/11/12 06:00:41 [INFO] Create Villager's grave at -875x24x967
2020/11/12 06:00:42 [INFO] Create Villager's grave at -879x22x948
2020/11/12 06:00:43 [INFO] Create Villager's grave at -878x21x971
2020/11/12 06:00:43 [INFO] Create Villager's grave at -900x24x949
2020/11/12 06:00:47 [INFO] Create Villager's grave at -898x23x939
2020/11/12 06:00:48 [INFO] Create Villager's grave at -889x22x950
2020/11/12 06:00:48 [INFO] Create Villager's grave at -879x24x940
2020/11/12 06:00:49 [INFO] Create Villager's grave at -875x25x970
2020/11/12 06:00:49 [INFO] Create Villager's grave at -896x22x945
2020/11/12 06:00:52 [INFO] Create Villager's grave at -892x22x947
2020/11/12 06:00:53 [INFO] Create Villager's grave at -893x22x950
2020/11/12 06:00:53 [INFO] Create Villager's grave at -876x24x951
2020/11/12 06:00:59 [INFO] Create Villager's grave at -891x22x947
2020/11/12 06:01:00 [INFO] Create Villager's grave at -875x26x949
2020/11/12 06:01:03 [INFO] Create Villager's grave at -893x22x941
2020/11/12 06:01:08 [INFO] Create Villager's grave at -891x21x958
2020/11/12 06:01:08 [INFO] Create Villager's grave at -887x22x945
2020/11/12 06:01:10 [INFO] Create Villager's grave at -893x22x939
2020/11/12 06:01:13 [INFO] Create Villager's grave at -897x24x940
2020/11/12 06:01:18 [INFO] Create Villager's grave at -894x24x937
2020/11/12 06:01:19 [INFO] Create Villager's grave at -899x22x945
2020/11/12 06:01:55 [INFO] Create Villager's grave at -882x22x956
2020/11/12 06:01:57 [INFO] Create Villager's grave at -879x21x962
2020/11/12 06:02:00 [INFO] Create Villager's grave at -883x21x960
2020/11/12 06:02:01 [INFO] Create Villager's grave at -884x22x954
2020/11/12 06:02:02 [INFO] Create Villager's grave at -880x22x950
2020/11/12 06:02:02 [INFO] Create Villager's grave at -886x22x955
2020/11/12 06:02:03 [INFO] Create Villager's grave at -883x22x954
2020/11/12 06:02:04 [INFO] Create Villager's grave at -882x22x957
2020/11/12 06:02:05 [INFO] Create Villager's grave at -884x21x958
2020/11/12 06:02:09 [INFO] Create Villager's grave at -896x22x944
2020/11/12 06:02:10 [INFO] Create Villager's grave at -878x25x959
2020/11/12 06:02:10 [INFO] Create Villager's grave at -890x22x955
2020/11/12 06:02:11 [INFO] Create Villager's grave at -880x21x962
2020/11/12 06:02:12 [INFO] Create Villager's grave at -889x22x956
2020/11/12 06:02:13 [INFO] Create Villager's grave at -879x23x954
2020/11/12 06:02:14 [INFO] Create Villager's grave at -893x22x954
2020/11/12 06:02:20 [INFO] Create Villager's grave at -892x21x958
2020/11/12 06:02:20 [INFO] Create Villager's grave at -881x23x958
2020/11/12 06:02:21 [INFO] Create Villager's grave at -880x21x961
2020/11/12 06:02:25 [INFO] Create Villager's grave at -897x22x944
2020/11/12 06:02:34 [INFO] Create Villager's grave at -888x22x954
2020/11/12 06:02:36 [INFO] Create Villager's grave at -895x23x939
2020/11/12 06:02:37 [INFO] Create Villager's grave at -897x22x945
2020/11/12 06:02:37 [INFO] Create Villager's grave at -877x21x966
2020/11/12 06:02:40 [INFO] Create Villager's grave at -894x22x955
2020/11/12 06:02:41 [INFO] Create Villager's grave at -894x22x943
2020/11/12 06:02:42 [INFO] Create Villager's grave at -895x22x944
2020/11/12 06:02:42 [INFO] Create Villager's grave at -891x22x954
2020/11/12 06:02:45 [INFO] Create Villager's grave at -898x23x940
2020/11/12 06:02:48 [INFO] Create Villager's grave at -881x22x956
2020/11/12 06:02:49 [INFO] Create Villager's grave at -882x22x948
2020/11/12 06:02:49 [INFO] Create Villager's grave at -898x23x944
2020/11/12 06:02:50 [INFO] Create Villager's grave at -897x22x950
2020/11/12 06:02:51 [INFO] Create Villager's grave at -898x22x945
2020/11/12 06:02:51 [INFO] Create Villager's grave at -897x22x943
2020/11/12 06:02:53 [INFO] Create Villager's grave at -894x22x946
2020/11/12 06:02:55 [INFO] Create Mad Scientist Junkie's grave at -896x22x942
2020/11/12 06:02:56 [INFO] Create Villager's grave at -887x22x943
2020/11/12 06:02:58 [INFO] Create Villager's grave at -884x22x949
2020/11/12 06:02:59 [INFO] Create Villager's grave at -893x22x944
2020/11/12 06:02:59 [INFO] Create Villager's grave at -897x22x946
2020/11/12 06:02:59 [INFO] Create Villager's grave at -886x22x944
2020/11/12 06:03:03 [INFO] Create Villager's grave at -881x22x942
2020/11/12 06:03:04 [INFO] Create Villager's grave at -887x22x944
2020/11/12 06:03:05 [INFO] Create Villager's grave at -893x22x943
2020/11/12 06:03:05 [INFO] Create Villager's grave at -892x24x937
2020/11/12 06:03:08 [INFO] Create Villager's grave at -881x22x949
2020/11/12 06:03:10 [INFO] Create Villager's grave at -894x22x942
2020/11/12 06:03:11 [INFO] Create Villager's grave at -887x26x933
2020/11/12 06:03:12 [INFO] Create Villager's grave at -888x22x944
2020/11/12 06:03:12 [INFO] Create Villager's grave at -882x22x949
2020/11/12 06:03:12 [INFO] Create Villager's grave at -896x22x943
2020/11/12 06:03:13 [INFO] Create Villager's grave at -886x22x941
2020/11/12 06:03:14 [INFO] Create Villager's grave at -885x22x941
2020/11/12 06:03:16 [INFO] Create Villager's grave at -882x22x941
2020/11/12 06:03:17 [INFO] Create Villager's grave at -886x23x937
2020/11/12 06:03:17 [INFO] Create Villager's grave at -879x22x944
2020/11/12 06:03:18 [INFO] Create Villager's grave at -895x22x943
2020/11/12 06:03:19 [INFO] Create Villager's grave at -879x22x952
2020/11/12 06:03:22 [INFO] Create Villager's grave at -881x22x953
2020/11/12 06:03:23 [INFO] Create Villager's grave at -883x22x940
2020/11/12 06:03:24 [INFO] Create Villager's grave at -879x22x943
2020/11/12 06:03:24 [INFO] Create Villager's grave at -886x22x948
2020/11/12 06:03:25 [INFO] Create Villager's grave at -875x23x944
2020/11/12 06:03:27 [INFO] Create Villager's grave at -877x23x950
2020/11/12 06:03:28 [INFO] Create Villager's grave at -876x22x945
2020/11/12 06:03:30 [INFO] Create Villager's grave at -881x22x940
2020/11/12 06:03:30 [INFO] Create Villager's grave at -876x24x952
2020/11/12 06:03:33 [INFO] Create Villager's grave at -878x22x945
2020/11/12 06:03:33 [INFO] Create Villager's grave at -877x22x948
2020/11/12 06:03:33 [INFO] Create Villager's grave at -878x23x953
2020/11/12 06:03:35 [INFO] Create Villager's grave at -880x22x945
2020/11/12 06:03:41 [INFO] Create Villager's grave at -883x22x939
2020/11/12 06:04:04 [INFO] Create Villager's grave at -875x24x968
2020/11/12 06:04:28 [INFO] Create Villager's grave at -900x24x948
2020/11/12 06:04:38 [INFO] Create Villager's grave at -901x27x942
2020/11/12 06:04:47 [INFO] Create Mad Scientist Junkie's grave at -898x22x943
2020/11/12 06:04:49 [INFO] Create Villager's grave at -895x22x945
2020/11/12 06:07:25 [INFO] Create Villager's grave at -885x27x934
2020/11/12 06:07:25 [INFO] Create Villager's grave at -885x27x935
2020/11/12 06:07:25 [INFO] Create Villager's grave at -886x27x935
2020/11/12 06:07:25 [INFO] Create Villager's grave at -887x26x935
2020/11/12 06:07:25 [INFO] Create Villager's grave at -887x27x934
2020/11/12 06:07:25 [INFO] Create Villager's grave at -884x27x935
2020/11/12 06:07:25 [INFO] Create Villager's grave at -884x26x936
2020/11/12 06:07:25 [INFO] Create Villager's grave at -885x25x936
2020/11/12 06:07:25 [INFO] Create Villager's grave at -886x25x936
2020/11/12 06:07:25 [INFO] Create Villager's grave at -887x24x936
2020/11/12 06:07:25 [INFO] Create Villager's grave at -888x24x936
2020/11/12 06:07:32 [INFO] Create Villager's grave at -883x27x935
2020/11/12 06:07:33 [INFO] Create Villager's grave at -882x27x936
2020/11/12 06:07:33 [INFO] Create Villager's grave at -882x23x937
2020/11/12 06:07:33 [INFO] Create Villager's grave at -883x24x937
2020/11/12 06:07:33 [INFO] Create Villager's grave at -884x24x937
2020/11/12 06:07:34 [INFO] Create Villager's grave at -884x22x938
2020/11/12 06:07:34 [INFO] Create Villager's grave at -885x22x938
2020/11/12 06:07:34 [INFO] Create Villager's grave at -886x22x939
2020/11/12 06:07:34 [INFO] Create Villager's grave at -886x22x938
2020/11/12 06:07:34 [INFO] Create Villager's grave at -887x22x938
2020/11/12 06:07:34 [INFO] Create Villager's grave at -884x22x939
2020/11/12 06:07:36 [INFO] Create Villager's grave at -883x22x939
2020/11/12 06:07:36 [INFO] Create Villager's grave at -885x22x940
2020/11/12 06:07:36 [INFO] Create Villager's grave at -883x22x937
2020/11/12 06:07:36 [INFO] Create Villager's grave at -884x22x941
2020/11/12 06:07:36 [INFO] Create Villager's grave at -885x22x939
2020/11/12 06:07:36 [INFO] Create Villager's grave at -884x22x940
2020/11/12 06:07:36 [INFO] Create Mad Scientist's grave at -883x22x938
2020/11/12 06:07:36 [INFO] Create Villager's grave at -883x22x940
2020/11/12 06:10:07 [INFO] Create Villager's grave at -876x23x947
2020/11/12 06:10:17 [INFO] Create Villager's grave at -877x23x945
2020/11/12 06:11:35 [INFO] Create Villager's grave at -911x25x966
2020/11/12 06:11:35 [INFO] Create Villager's grave at -910x25x966
2020/11/12 06:11:35 [INFO] Create Villager's grave at -910x25x967
2020/11/12 06:13:09 [INFO] Create Villager's grave at -891x22x940
2020/11/12 06:13:10 [INFO] Create Villager's grave at -891x23x937
2020/11/12 06:13:10 [INFO] Create Villager's grave at -912x25x964
2020/11/12 06:13:10 [INFO] Create Villager's grave at -890x22x952
2020/11/12 06:13:11 [INFO] Create Villager's grave at -895x22x941
2020/11/12 06:13:11 [INFO] Create Villager's grave at -894x22x940
2020/11/12 06:13:11 [INFO] Create Villager's grave at -883x22x949
2020/11/12 06:13:12 [INFO] Create Villager's grave at -900x23x946
2020/11/12 06:13:13 [INFO] Create Villager's grave at -885x22x942
2020/11/12 06:13:16 [INFO] Create Villager's grave at -881x22x952
2020/11/12 06:13:17 [INFO] Create Villager's grave at -912x25x965
2020/11/12 06:13:19 [INFO] Create Villager's grave at -878x22x947
2020/11/12 06:13:19 [INFO] Create Villager's grave at -891x22x953
2020/11/12 06:13:19 [INFO] Create Villager's grave at -887x21x974
2020/11/12 06:13:20 [INFO] Create Villager's grave at -879x22x942
2020/11/12 06:13:20 [INFO] Create Villager's grave at -890x21x958
2020/11/12 06:13:20 [INFO] Create Villager's grave at -898x22x951
2020/11/12 06:13:20 [INFO] Create Villager's grave at -879x22x945
2020/11/12 06:13:21 [INFO] Create Villager's grave at -880x22x942
2020/11/12 06:13:21 [INFO] Create Villager's grave at -897x22x947
2020/11/12 06:13:22 [INFO] Create Villager's grave at -890x22x954
2020/11/12 06:13:22 [INFO] Create Villager's grave at -898x22x949
2020/11/12 06:13:23 [INFO] Create Villager's grave at -895x22x942
2020/11/12 06:13:23 [INFO] Create Villager's grave at -880x22x949
2020/11/12 06:13:23 [INFO] Create Villager's grave at -885x22x952
2020/11/12 06:13:23 [INFO] Create Villager's grave at -893x24x937
2020/11/12 06:13:24 [INFO] Create Mad Scientist's grave at -878x22x946
2020/11/12 06:13:24 [INFO] Create Villager's grave at -881x22x943
2020/11/12 06:13:24 [INFO] Create Villager's grave at -881x21x959
2020/11/12 06:13:24 [INFO] Create Villager's grave at -896x22x948
2020/11/12 06:13:25 [INFO] Create Villager's grave at -880x22x954
2020/11/12 06:13:25 [INFO] Create Villager's grave at -877x23x947
2020/11/12 06:13:25 [INFO] Create Villager's grave at -913x25x965
2020/11/12 06:13:25 [INFO] Create Villager's grave at -896x22x946
2020/11/12 06:13:25 [INFO] Create Villager's grave at -907x25x969
2020/11/12 06:13:26 [INFO] Create Villager's grave at -891x22x950
2020/11/12 06:13:26 [INFO] Create Villager's grave at -887x22x939
2020/11/12 06:13:26 [INFO] Create Villager's grave at -892x22x955
2020/11/12 06:13:26 [INFO] Create Villager's grave at -912x25x963
2020/11/12 06:13:26 [INFO] Create Villager's grave at -895x22x946
2020/11/12 06:13:27 [INFO] Create Villager's grave at -879x23x955
2020/11/12 06:13:28 [INFO] Create Villager's grave at -887x21x965
2020/11/12 06:13:28 [INFO] Create Villager's grave at -908x25x968
2020/11/12 06:13:28 [INFO] Create Villager's grave at -885x22x956
2020/11/12 06:13:29 [INFO] Create Villager's grave at -888x21x962
2020/11/12 06:13:29 [INFO] Create Villager's grave at -891x22x942
2020/11/12 06:13:30 [INFO] Create Villager's grave at -894x22x944
2020/11/12 06:13:31 [INFO] Create Villager's grave at -891x21x959
2020/11/12 06:13:32 [INFO] Create Villager's grave at -890x22x939
2020/11/12 06:13:33 [INFO] Create Villager's grave at -887x23x937
2020/11/12 06:13:34 [INFO] Create Villager's grave at -906x25x973
2020/11/12 06:13:34 [INFO] Create Villager's grave at -881x22x937
2020/11/12 06:13:34 [INFO] Create Villager's grave at -889x22x945
2020/11/12 06:13:34 [INFO] Create Villager's grave at -885x22x946
2020/11/12 06:13:35 [INFO] Create Villager's grave at -882x22x946
2020/11/12 06:13:36 [INFO] Create Villager's grave at -885x23x937
2020/11/12 06:13:37 [INFO] Create Villager's grave at -885x23x936
2020/11/12 06:13:37 [INFO] Create Villager's grave at -884x22x950
2020/11/12 06:13:38 [INFO] Create Villager's grave at -879x23x941
2020/11/12 06:13:38 [INFO] Create Villager's grave at -884x22x952
2020/11/12 06:13:38 [INFO] Create Villager's grave at -888x23x937
2020/11/12 06:13:39 [INFO] Create Villager's grave at -881x21x942
2020/11/12 06:13:39 [INFO] Create Villager's grave at -883x22x952
2020/11/12 06:13:39 [INFO] Create Villager's grave at -881x21x960
2020/11/12 06:13:40 [INFO] Create Villager's grave at -887x22x947
2020/11/12 06:13:41 [INFO] Create Villager's grave at -909x25x966
2020/11/12 06:13:41 [INFO] Create Villager's grave at -911x25x962
2020/11/12 06:13:43 [INFO] Create Villager's grave at -914x25x965
2020/11/12 06:13:44 [INFO] Create Villager's grave at -896x21x961
2020/11/12 06:13:44 [INFO] Create Villager's grave at -901x26x964
2020/11/12 06:13:46 [INFO] Create Villager's grave at -906x25x961
2020/11/12 06:13:46 [INFO] Create Villager's grave at -884x22x948
2020/11/12 06:13:46 [INFO] Create Villager's grave at -883x22x955
2020/11/12 06:13:47 [INFO] Create Villager's grave at -883x22x953
2020/11/12 06:13:47 [INFO] Create Villager's grave at -913x25x963
2020/11/12 06:13:47 [INFO] Create Villager's grave at -882x22x940
2020/11/12 06:13:48 [INFO] Create Villager's grave at -901x24x966
2020/11/12 06:13:48 [INFO] Create Villager's grave at -879x22x947
2020/11/12 06:13:48 [INFO] Create Villager's grave at -879x22x946
2020/11/12 06:13:49 [INFO] Create Villager's grave at -880x22x946
2020/11/12 06:13:51 [INFO] Create Mad Scientist's grave at -884x22x947
2020/11/12 06:13:51 [INFO] Create Villager's grave at -882x20x941
2020/11/12 06:13:52 [INFO] Create Villager's grave at -878x23x952
2020/11/12 06:13:53 [INFO] Create Villager's grave at -881x21x940
2020/11/12 06:13:55 [INFO] Create Villager's grave at -898x22x963
2020/11/12 06:13:55 [INFO] Create Villager's grave at -884x22x942
2020/11/12 06:13:55 [INFO] Create Villager's grave at -885x22x948
2020/11/12 06:13:55 [INFO] Create Villager's grave at -915x26x965
2020/11/12 06:13:57 [INFO] Create Villager's grave at -881x21x961
2020/11/12 06:13:59 [INFO] Create Villager's grave at -909x25x962
2020/11/12 06:13:59 [INFO] Create Villager's grave at -898x21x965
2020/11/12 06:13:59 [INFO] Create Villager's grave at -908x25x960
2020/11/12 06:14:02 [INFO] Create Villager's grave at -912x27x975
2020/11/12 06:14:04 [INFO] Create Villager's grave at -882x19x940
2020/11/12 06:14:04 [INFO] Create Mad Scientist Junkie's grave at -913x29x975
2020/11/12 06:14:05 [INFO] Create Villager's grave at -909x25x963
2020/11/12 06:14:10 [INFO] Create Villager's grave at -907x25x962
2020/11/12 06:14:11 [INFO] Create Villager's grave at -910x25x970
2020/11/12 06:14:13 [INFO] Create Villager's grave at -914x25x968
2020/11/12 06:14:14 [INFO] Create Villager's grave at -914x27x973
2020/11/12 06:14:16 [INFO] Create Villager's grave at -902x24x964
2020/11/12 06:14:17 [INFO] Create Villager's grave at -896x22x954
2020/11/12 06:14:17 [INFO] Create Villager's grave at -911x27x975
2020/11/12 06:14:17 [INFO] Create Villager's grave at -899x24x974
2020/11/12 06:14:19 [INFO] Create Villager's grave at -897x21x962
2020/11/12 06:14:20 [INFO] Create Villager's grave at -898x21x964
2020/11/12 06:14:21 [INFO] Create Villager's grave at -906x25x965
2020/11/12 06:14:21 [INFO] Create Villager's grave at -892x21x977
2020/11/12 06:14:22 [INFO] Create Villager's grave at -906x25x962
2020/11/12 06:14:22 [INFO] Create Villager's grave at -913x25x962
2020/11/12 06:14:23 [INFO] Create Villager's grave at -881x21x974
2020/11/12 06:14:23 [INFO] Create Villager's grave at -909x26x975
2020/11/12 06:14:25 [INFO] Create Villager's grave at -888x21x977
2020/11/12 06:14:26 [INFO] Create Villager's grave at -914x25x971
2020/11/12 06:14:28 [INFO] Create Villager's grave at -894x21x975
2020/11/12 06:14:29 [INFO] Create Villager's grave at -898x24x960
2020/11/12 06:14:30 [INFO] Create Villager's grave at -904x25x963
2020/11/12 06:14:33 [INFO] Create Villager's grave at -890x21x977
2020/11/12 06:14:34 [INFO] Create Villager's grave at -890x21x975
2020/11/12 06:14:35 [INFO] Create Villager's grave at -901x26x972
2020/11/12 06:14:36 [INFO] Create Villager's grave at -913x25x973
2020/11/12 06:14:38 [INFO] Create Villager's grave at -905x25x962
2020/11/12 06:14:38 [INFO] Create Villager's grave at -911x25x963
2020/11/12 06:14:38 [INFO] Create Villager's grave at -908x25x966
2020/11/12 06:14:42 [INFO] Create Villager's grave at -885x22x979
2020/11/12 06:14:45 [INFO] Create Villager's grave at -910x25x962
2020/11/12 06:14:49 [INFO] Create Villager's grave at -912x25x971
2020/11/12 06:15:00 [INFO] Create Villager's grave at -904x27x961
2020/11/12 06:15:05 [INFO] Create Villager's grave at -880x24x979
2020/11/12 06:15:09 [INFO] Create Mad Scientist Junkie's grave at -915x26x969
2020/11/12 06:15:10 [INFO] Create Villager's grave at -902x21x987
2020/11/12 06:15:12 [INFO] Create Villager's grave at -896x22x941
2020/11/12 06:15:13 [INFO] Create Villager's grave at -899x24x975
2020/11/12 06:15:13 [INFO] Create Mad Scientist Junkie's grave at -907x22x980
2020/11/12 06:15:23 [INFO] Create Villager's grave at -911x21x990
2020/11/12 06:15:24 [INFO] Create Villager's grave at -897x23x941
2020/11/12 06:20:24 [INFO] Create Villager's grave at 776x70x10
2020/11/12 06:20:50 [INFO] Create Villager's grave at 728x63x44
2020/11/12 06:22:07 [INFO] Create Villager's grave at 745x81x-10
2020/11/12 06:25:27 [INFO] Create Villager's grave at 687x64x254
2020/11/12 06:25:28 [INFO] Create Villager's grave at 692x64x256
2020/11/12 06:25:35 [INFO] Create Mad Scientist's grave at 722x63x288
2020/11/12 06:25:37 [INFO] Create Villager's grave at 690x64x251
2020/11/12 06:25:37 [INFO] Create Villager's grave at 723x63x286
2020/11/12 06:25:39 [INFO] Create Villager's grave at 693x64x252
2020/11/12 06:25:39 [INFO] Create Villager's grave at 697x64x258
2020/11/12 06:25:43 [INFO] Create Villager's grave at 656x61x279
2020/11/12 06:25:43 [INFO] Create Villager's grave at 655x62x277
2020/11/12 06:25:43 [INFO] Create Villager's grave at 654x61x276
2020/11/12 06:25:44 [INFO] Create Villager's grave at 727x63x290
2020/11/12 06:25:47 [INFO] Create Villager's grave at 710x64x258
2020/11/12 06:25:50 [INFO] Create Mad Scientist Junkie's grave at 730x63x293
2020/11/12 06:25:51 [INFO] Create Villager's grave at 723x63x263
2020/11/12 06:25:53 [INFO] Create Villager's grave at 719x63x268
2020/11/12 06:25:54 [INFO] Create Villager's grave at 669x62x284
2020/11/12 06:25:54 [INFO] Create Villager's grave at 712x64x261
2020/11/12 06:25:55 [INFO] Create Villager's grave at 645x62x275
2020/11/12 06:26:00 [INFO] Create Villager's grave at 726x63x285
2020/11/12 06:26:03 [INFO] Create Villager's grave at 723x63x294
2020/11/12 06:26:06 [INFO] Create Villager's grave at 716x63x264
2020/11/12 06:27:24 [INFO] Create Villager's grave at 753x68x27
2020/11/12 06:28:51 [INFO] Create Villager's grave at 717x63x279
2020/11/12 06:28:55 [INFO] Create Villager's grave at 716x63x294
2020/11/12 06:28:58 [INFO] Create Villager's grave at 715x64x288
2020/11/12 06:28:58 [INFO] Create Villager's grave at 717x63x293
2020/11/12 06:29:00 [INFO] Create Villager's grave at 709x64x292
2020/11/12 06:29:03 [INFO] Create Villager's grave at 705x64x289
2020/11/12 06:29:06 [INFO] Create Villager's grave at 724x64x46
2020/11/12 06:29:08 [INFO] Create Villager's grave at 703x64x289
2020/11/12 06:29:11 [INFO] Create Villager's grave at 699x64x287
2020/11/12 06:29:13 [INFO] Create Villager's grave at 697x64x290
